Working directory is
VIEHCTSXRVY  not found. 
ASQXGKTEVNY  not found. 
SQXGKTEVNY  not found. 
NSDXLGMEEK  not found. 
NSDXLGMEE  not found. 
YXGLTGQYIEL  not found. 
GLXSYSLRYIL  not found. 
GLXSYSLRYI  not found. 
AILEVCGXKL  not found. 
SCTXPSFMFK  not found. 
CTXPSFMFK  not found. 
GSCTXPSFMFK  not found. 
AILEVCGXK  not found. 
ASLXGTTVR  not found. 
VTNVASQXGK  not found. 
IVTNVASQXGK  not found. 
SLXGTTVRDY  not found. 
TXPSFMFKF  not found. 
QXGKTEVNY  not found. 
NVASLXGTTVR  not found. 
ASLXGTTVRDY  not found. 
KPNSDXLGM  not found. 
RKPNSDXLGM  not found. 
SLRKPNSDXL  not found. 
AAXQISQQL  not found. 
RRGPSSGGX  not found. 
XRXKNQAKK  not found. 
XRLPPAAXQI  not found. 
ASXRXKNQAKK  not found. 
SXRXKNQAKK  not found. 
XRLPPAAXQ  not found. 
LRKPNSDXLGM  not found. 
EHCTSXRVY  not found. 
VALLQASXY  not found. 
IPTEASASX  not found. 
LEVCGXKL  not found. 
IEHCTSXRV  not found. 
LEVCGXKLGRF  not found. 
VETCGGXQL  not found. 
RVETCGGXQL  not found. 
VASLXGTTV  not found. 
XPPFTSQL  not found. 
TXPPFTSQL  not found. 
SATXPPFTSQL  not found. 
FGSATXPPF  not found. 
ATXPPFTSQL  not found. 
ILEVCGXKL  not found. 
SYXGLTGQY  not found. 
