Working directory is
39851687
39851688
39851689
39851690
39851691
39851692
39851693
39851694
39851695
39851696
39851697
39851698
39851699
39851700
39851701
39851702
39851703
39851704
39851705
39851706
39851707
39851708
39851709
39851710
39851711
39851712
39851713
39851714
39851715
39851716
39851717
39851718
39851719
39851720
39851721
39851722
39851723
39851724
39851725
39851726
39851727
39851728
39851729
39851730
39851731
39851732
39851733
39851734
39851735
39851736
39851737
39851738
39851739
39851740
39851741
39851742
39851743
39851744
39851745
39851746
39851747
39851748
39851749
39851750
39851751
39851752
39851753
39851754
39851755
39851756
39851757
39851758
39851759
39851760
39851761
39851762
39851763
39851764
39851765
39851766
39851767
39851768
39851769
39851770
39851771
39851772
39851773
39851774
39851775
39851776
39851777
39851778
39851779
39851780
39851781
39851782
39851783
39851784
39851785
39851786
39851787
39851788
39851789
39851790
39851791
39851792
39851793
39851794
39851795
39851796
39851797
39851798
39851799
39851800
39851801
39851802
39851803
39851804
39851805
39851806
39851807
39851808
39851809
39851810
39851811
39851812
39851813
39851814
39851815
39851816
39851817
39851818
39851819
39851820
39851821
39851822
39851823
39851824
39851825
39851826
39851827
39851828
39851829
39851830
39851831
39851832
39851833
39851834
39851835
39851836
39851837
39851838
39851839
39851840
39851841
39851842
39851843
39851844
39851845
39851846
39851847
39851848
39851849
39851850
39851851
39851852
39851853
39851854
39851855
39851856
39851857
39851858
39851859
39851860
39851861
39851862
39851863
39851864
39851865
39851866
39851867
39851868
39851869
39851870
39851871
39851872
39851873
39851874
39851875
39851876
39851877
39851878
39851879
39851880
39851881
39851882
39851883
39851884
39851885
39851886
39851887
39851888
39851889
39851890
39851891
39851892
39851893
39851894
39851895
39851896
39851897
39851898
39851899
39851900
39851901
39851902
39851903
39851904
39851905
39851906
39851907
39851908
39851909
39851910
39851911
39851912
39851913
39851914
39851915
39851916
39851917
39851918
39851919
39851920
39851921
39851922
39851923
39851924
39851925
39851926
39851927
39851928
39851929
39851930
39851931
39851932
39851933
39851934
39851935
39851936
39851937
39851938
39851939
39851940
39851941
39851942
HLA-A30:14L  cannot be found in the list. 
